# Logfile created on 2012-01-31 12:24:57 -0300 by logger.rb/25413
D, [2012-01-31T12:38:07.180429 #4433] DEBUG -- : Character count: 6044
Character count (excluding spaces): 5055
Line count: 121
Word count: 1093
Sentence count: 44
Paragraph count: 18
Average number of words per sentence: 24.84
Average number of sentences per paragraph: 2.44

D, [2012-01-31T13:02:58.398175 #4954] DEBUG -- : Character count: 6044
Character count (excluding spaces): 5055
Line count: 121
Word count: 1093
Sentence count: 44
Paragraph count: 18
Average number of words per sentence: 24.84Average number of sentences per paragraph: 2.44
D, [2012-01-31T13:03:22.297536 #4964] DEBUG -- : Character count: 6044
Character count (excluding spaces): 5055
Line count: 121
Word count: 1093
Sentence count: 44
Paragraph count: 18
Average number of words per sentence: 24.84Average number of sentences per paragraph: 2.44
D, [2012-01-31T13:03:41.415466 #4974] DEBUG -- : Character count: 6044
Character count (excluding spaces): 5055
Line count: 121
Word count: 1093
Sentence count: 44
Paragraph count: 18
Average number of words per sentence: 24.84Average number of sentences per paragraph: 2.44
D, [2012-01-31T13:03:53.716659 #4979] DEBUG -- : Character count: 6044
Character count (excluding spaces): 5055
Line count: 121
Word count: 1093
Sentence count: 44
Paragraph count: 18
Average number of words per sentence: 24.84 Average number of sentences per paragraph: 2.44
D, [2012-01-31T13:04:04.562526 #4985] DEBUG -- : Character count: 6044
Character count (excluding spaces): 5055
Line count: 121
Word count: 1093
Sentence count: 44
Paragraph count: 18
Average number of words per sentence: 24.84
Average number of sentences per paragraph: 2.44
D, [2012-01-31T13:04:12.261408 #4993] DEBUG -- : Character count: 6044
Character count (excluding spaces): 5055
Line count: 121
Word count: 1093
Sentence count: 44
Paragraph count: 18
Average number of words per sentence: 24.84
Average number of sentences per paragraph: 2.44
D, [2012-01-31T13:04:17.396488 #5000] DEBUG -- : Character count: 6044
Character count (excluding spaces): 5055
Line count: 121
Word count: 1093
Sentence count: 44
Paragraph count: 18
Average number of words per sentence: 24.84Average number of sentences per paragraph: 2.44
D, [2012-01-31T13:04:28.809599 #5004] DEBUG -- : Character count: 6044
Character count (excluding spaces): 5055
Line count: 121
Word count: 1093
Sentence count: 44
Paragraph count: 18
Average number of words per sentence: 24.84
Average number of sentences per paragraph: 2.44
D, [2012-01-31T13:04:53.643286 #5012] DEBUG -- : Character count: 6044
Character count (excluding spaces): 5055
Line count: 121
Word count: 1093
Sentence count: 44
Paragraph count: 18
Average number of words per sentence: 24.84
Average number of sentences per paragraph: 2.44
D, [2012-01-31T13:05:23.407009 #5023] DEBUG -- : Character count: 6044
Character count (excluding spaces): 5055
Line count: 121
Word count: 1093
Sentence count: 44
Paragraph count: 18
Average number of words per sentence: 24.84
Average number of sentences per paragraph: 2.44
